# JRE version: Java(TM) SE Runtime Environment (8.0_221-b11) (build 1.8.0_221-b11)
# Java VM: Java HotSpot(TM) 64-Bit Server VM (25.221-b11 mixed mode bsd-amd64 compressed oops)
Heap:
 PSYoungGen      total 132608K, used 26697K [0x0000000795580000, 0x00000007a4200000, 0x00000007c0000000)
  eden space 119808K, 13% used [0x0000000795580000,0x00000007965d2080,0x000000079ca80000)
  from space 12800K, 78% used [0x000000079ca80000,0x000000079d440710,0x000000079d700000)
  to   space 13312K, 0% used [0x00000007a3500000,0x00000007a3500000,0x00000007a4200000)
 ParOldGen       total 48128K, used 15859K [0x0000000740000000, 0x0000000742f00000, 0x0000000795580000)
  object space 48128K, 32% used [0x0000000740000000,0x0000000740f7cf00,0x0000000742f00000)
 Metaspace       used 25416K, capacity 25917K, committed 26240K, reserved 1073152K
  class space    used 2512K, capacity 2661K, committed 2688K, reserved 1048576K
GC Heap History (10 events):
Event: 7.195 GC heap before
{Heap before GC invocations=4 (full 1):
 PSYoungGen      total 38400K, used 5088K [0x0000000795580000, 0x000000079a080000, 0x00000007c0000000)
  eden space 33280K, 0% used [0x0000000795580000,0x0000000795580000,0x0000000797600000)
  from space 5120K, 99% used [0x0000000797600000,0x0000000797af8280,0x0000000797b00000)
  to   space 5120K, 0% used [0x0000000799b80000,0x0000000799b80000,0x000000079a080000)
 ParOldGen       total 87552K, used 4164K [0x0000000740000000, 0x0000000745580000, 0x0000000795580000)
  object space 87552K, 4% used [0x0000000740000000,0x00000007404113a8,0x0000000745580000)
 Metaspace       used 20806K, capacity 21203K, committed 21248K, reserved 1069056K
  class space    used 2146K, capacity 2292K, committed 2304K, reserved 1048576K
Event: 7.227 GC heap after
Heap after GC invocations=4 (full 1):
 PSYoungGen      total 38400K, used 0K [0x0000000795580000, 0x000000079a080000, 0x00000007c0000000)
  eden space 33280K, 0% used [0x0000000795580000,0x0000000795580000,0x0000000797600000)
  from space 5120K, 0% used [0x0000000797600000,0x0000000797600000,0x0000000797b00000)
  to   space 5120K, 0% used [0x0000000799b80000,0x0000000799b80000,0x000000079a080000)
 ParOldGen       total 48128K, used 7996K [0x0000000740000000, 0x0000000742f00000, 0x0000000795580000)
  object space 48128K, 16% used [0x0000000740000000,0x00000007407cf080,0x0000000742f00000)
 Metaspace       used 20806K, capacity 21203K, committed 21248K, reserved 1069056K
  class space    used 2146K, capacity 2292K, committed 2304K, reserved 1048576K
}
Event: 8.535 GC heap before
{Heap before GC invocations=5 (full 1):
 PSYoungGen      total 38400K, used 33272K [0x0000000795580000, 0x000000079a080000, 0x00000007c0000000)
  eden space 33280K, 99% used [0x0000000795580000,0x00000007975fe258,0x0000000797600000)
  from space 5120K, 0% used [0x0000000797600000,0x0000000797600000,0x0000000797b00000)
  to   space 5120K, 0% used [0x0000000799b80000,0x0000000799b80000,0x000000079a080000)
 ParOldGen       total 48128K, used 7996K [0x0000000740000000, 0x0000000742f00000, 0x0000000795580000)
  object space 48128K, 16% used [0x0000000740000000,0x00000007407cf080,0x0000000742f00000)
 Metaspace       used 24130K, capacity 24553K, committed 24960K, reserved 1071104K
  class space    used 2454K, capacity 2591K, committed 2688K, reserved 1048576K
Event: 8.545 GC heap after
Heap after GC invocations=5 (full 1):
 PSYoungGen      total 68608K, used 5088K [0x0000000795580000, 0x000000079a080000, 0x00000007c0000000)
  eden space 63488K, 0% used [0x0000000795580000,0x0000000795580000,0x0000000799380000)
  from space 5120K, 99% used [0x0000000799b80000,0x000000079a0783b0,0x000000079a080000)
  to   space 5120K, 0% used [0x0000000799680000,0x0000000799680000,0x0000000799b80000)
 ParOldGen       total 48128K, used 15587K [0x0000000740000000, 0x0000000742f00000, 0x0000000795580000)
  object space 48128K, 32% used [0x0000000740000000,0x0000000740f38ef0,0x0000000742f00000)
 Metaspace       used 24130K, capacity 24553K, committed 24960K, reserved 1071104K
  class space    used 2454K, capacity 2591K, committed 2688K, reserved 1048576K
}
Event: 14.398 GC heap before
{Heap before GC invocations=6 (full 1):
 PSYoungGen      total 68608K, used 68576K [0x0000000795580000, 0x000000079a080000, 0x00000007c0000000)
  eden space 63488K, 100% used [0x0000000795580000,0x0000000799380000,0x0000000799380000)
  from space 5120K, 99% used [0x0000000799b80000,0x000000079a0783b0,0x000000079a080000)
  to   space 5120K, 0% used [0x0000000799680000,0x0000000799680000,0x0000000799b80000)
 ParOldGen       total 48128K, used 15587K [0x0000000740000000, 0x0000000742f00000, 0x0000000795580000)
  object space 48128K, 32% used [0x0000000740000000,0x0000000740f38ef0,0x0000000742f00000)
 Metaspace       used 24822K, capacity 25199K, committed 25472K, reserved 1073152K
  class space    used 2472K, capacity 2592K, committed 2688K, reserved 1048576K
Event: 14.403 GC heap after
Heap after GC invocations=6 (full 1):
 PSYoungGen      total 71680K, used 5105K [0x0000000795580000, 0x000000079e400000, 0x00000007c0000000)
  eden space 66560K, 0% used [0x0000000795580000,0x0000000795580000,0x0000000799680000)
  from space 5120K, 99% used [0x0000000799680000,0x0000000799b7c5e0,0x0000000799b80000)
  to   space 13312K, 0% used [0x000000079d700000,0x000000079d700000,0x000000079e400000)
 ParOldGen       total 48128K, used 15851K [0x0000000740000000, 0x0000000742f00000, 0x0000000795580000)
  object space 48128K, 32% used [0x0000000740000000,0x0000000740f7af00,0x0000000742f00000)
 Metaspace       used 24822K, capacity 25199K, committed 25472K, reserved 1073152K
  class space    used 2472K, capacity 2592K, committed 2688K, reserved 1048576K
}
Event: 20.009 GC heap before
{Heap before GC invocations=7 (full 1):
 PSYoungGen      total 71680K, used 71665K [0x0000000795580000, 0x000000079e400000, 0x00000007c0000000)
  eden space 66560K, 100% used [0x0000000795580000,0x0000000799680000,0x0000000799680000)
  from space 5120K, 99% used [0x0000000799680000,0x0000000799b7c5e0,0x0000000799b80000)
  to   space 13312K, 0% used [0x000000079d700000,0x000000079d700000,0x000000079e400000)
 ParOldGen       total 48128K, used 15851K [0x0000000740000000, 0x0000000742f00000, 0x0000000795580000)
  object space 48128K, 32% used [0x0000000740000000,0x0000000740f7af00,0x0000000742f00000)
 Metaspace       used 25291K, capacity 25687K, committed 25984K, reserved 1073152K
  class space    used 2497K, capacity 2626K, committed 2688K, reserved 1048576K
Event: 20.014 GC heap after
Heap after GC invocations=7 (full 1):
 PSYoungGen      total 133120K, used 5235K [0x0000000795580000, 0x000000079e600000, 0x00000007c0000000)
  eden space 119808K, 0% used [0x0000000795580000,0x0000000795580000,0x000000079ca80000)
  from space 13312K, 39% used [0x000000079d700000,0x000000079dc1cea8,0x000000079e400000)
  to   space 12800K, 0% used [0x000000079ca80000,0x000000079ca80000,0x000000079d700000)
 ParOldGen       total 48128K, used 15859K [0x0000000740000000, 0x0000000742f00000, 0x0000000795580000)
  object space 48128K, 32% used [0x0000000740000000,0x0000000740f7cf00,0x0000000742f00000)
 Metaspace       used 25291K, capacity 25687K, committed 25984K, reserved 1073152K
  class space    used 2497K, capacity 2626K, committed 2688K, reserved 1048576K
}
Event: 31.443 GC heap before
{Heap before GC invocations=8 (full 1):
 PSYoungGen      total 133120K, used 125043K [0x0000000795580000, 0x000000079e600000, 0x00000007c0000000)
  eden space 119808K, 100% used [0x0000000795580000,0x000000079ca80000,0x000000079ca80000)
  from space 13312K, 39% used [0x000000079d700000,0x000000079dc1cea8,0x000000079e400000)
  to   space 12800K, 0% used [0x000000079ca80000,0x000000079ca80000,0x000000079d700000)
 ParOldGen       total 48128K, used 15859K [0x0000000740000000, 0x0000000742f00000, 0x0000000795580000)
  object space 48128K, 32% used [0x0000000740000000,0x0000000740f7cf00,0x0000000742f00000)
 Metaspace       used 25348K, capacity 25817K, committed 26240K, reserved 1073152K
  class space    used 2498K, capacity 2627K, committed 2688K, reserved 1048576K
Event: 31.452 GC heap after
Heap after GC invocations=8 (full 1):
 PSYoungGen      total 132608K, used 9985K [0x0000000795580000, 0x00000007a4200000, 0x00000007c0000000)
  eden space 119808K, 0% used [0x0000000795580000,0x0000000795580000,0x000000079ca80000)
  from space 12800K, 78% used [0x000000079ca80000,0x000000079d440710,0x000000079d700000)
  to   space 13312K, 0% used [0x00000007a3500000,0x00000007a3500000,0x00000007a4200000)
 ParOldGen       total 48128K, used 15859K [0x0000000740000000, 0x0000000742f00000, 0x0000000795580000)
  object space 48128K, 32% used [0x0000000740000000,0x0000000740f7cf00,0x0000000742f00000)
 Metaspace       used 25348K, capacity 25817K, committed 26240K, reserved 1073152K
  class space    used 2498K, capacity 2627K, committed 2688K, reserved 1048576K
}

