# JRE version: Java(TM) SE Runtime Environment (8.0_221-b11) (build 1.8.0_221-b11)
# Java VM: Java HotSpot(TM) 64-Bit Server VM (25.221-b11 mixed mode bsd-amd64 compressed oops)
Heap:
 PSYoungGen      total 194560K, used 46289K [0x0000000795580000, 0x00000007a2600000, 0x00000007c0000000)
  eden space 187904K, 23% used [0x0000000795580000,0x0000000798134610,0x00000007a0d00000)
  from space 6656K, 23% used [0x00000007a1f80000,0x00000007a2100050,0x00000007a2600000)
  to   space 12800K, 0% used [0x00000007a0d00000,0x00000007a0d00000,0x00000007a1980000)
 ParOldGen       total 48128K, used 19657K [0x0000000740000000, 0x0000000742f00000, 0x0000000795580000)
  object space 48128K, 40% used [0x0000000740000000,0x0000000741332750,0x0000000742f00000)
 Metaspace       used 25467K, capacity 25913K, committed 26288K, reserved 1073152K
  class space    used 2519K, capacity 2659K, committed 2736K, reserved 1048576K
GC Heap History (10 events):
Event: 4.233 GC heap before
{Heap before GC invocations=5 (full 1):
 PSYoungGen      total 38400K, used 33247K [0x0000000795580000, 0x000000079a080000, 0x00000007c0000000)
  eden space 33280K, 99% used [0x0000000795580000,0x00000007975f7c50,0x0000000797600000)
  from space 5120K, 0% used [0x0000000797600000,0x0000000797600000,0x0000000797b00000)
  to   space 5120K, 0% used [0x0000000799b80000,0x0000000799b80000,0x000000079a080000)
 ParOldGen       total 48128K, used 7068K [0x0000000740000000, 0x0000000742f00000, 0x0000000795580000)
  object space 48128K, 14% used [0x0000000740000000,0x00000007406e70d8,0x0000000742f00000)
 Metaspace       used 24268K, capacity 24683K, committed 24880K, reserved 1071104K
  class space    used 2481K, capacity 2592K, committed 2608K, reserved 1048576K
Event: 4.239 GC heap after
Heap after GC invocations=5 (full 1):
 PSYoungGen      total 67072K, used 5101K [0x0000000795580000, 0x000000079a080000, 0x00000007c0000000)
  eden space 61952K, 0% used [0x0000000795580000,0x0000000795580000,0x0000000799200000)
  from space 5120K, 99% used [0x0000000799b80000,0x000000079a07b510,0x000000079a080000)
  to   space 5120K, 0% used [0x0000000799680000,0x0000000799680000,0x0000000799b80000)
 ParOldGen       total 48128K, used 14971K [0x0000000740000000, 0x0000000742f00000, 0x0000000795580000)
  object space 48128K, 31% used [0x0000000740000000,0x0000000740e9ed68,0x0000000742f00000)
 Metaspace       used 24268K, capacity 24683K, committed 24880K, reserved 1071104K
  class space    used 2481K, capacity 2592K, committed 2608K, reserved 1048576K
}
Event: 8.254 GC heap before
{Heap before GC invocations=6 (full 1):
 PSYoungGen      total 67072K, used 67053K [0x0000000795580000, 0x000000079a080000, 0x00000007c0000000)
  eden space 61952K, 100% used [0x0000000795580000,0x0000000799200000,0x0000000799200000)
  from space 5120K, 99% used [0x0000000799b80000,0x000000079a07b510,0x000000079a080000)
  to   space 5120K, 0% used [0x0000000799680000,0x0000000799680000,0x0000000799b80000)
 ParOldGen       total 48128K, used 14971K [0x0000000740000000, 0x0000000742f00000, 0x0000000795580000)
  object space 48128K, 31% used [0x0000000740000000,0x0000000740e9ed68,0x0000000742f00000)
 Metaspace       used 25094K, capacity 25589K, committed 25776K, reserved 1073152K
  class space    used 2505K, capacity 2657K, committed 2736K, reserved 1048576K
Event: 8.258 GC heap after
Heap after GC invocations=6 (full 1):
 PSYoungGen      total 71680K, used 5117K [0x0000000795580000, 0x000000079dd80000, 0x00000007c0000000)
  eden space 66560K, 0% used [0x0000000795580000,0x0000000795580000,0x0000000799680000)
  from space 5120K, 99% used [0x0000000799680000,0x0000000799b7f4e0,0x0000000799b80000)
  to   space 13312K, 0% used [0x000000079d080000,0x000000079d080000,0x000000079dd80000)
 ParOldGen       total 48128K, used 15875K [0x0000000740000000, 0x0000000742f00000, 0x0000000795580000)
  object space 48128K, 32% used [0x0000000740000000,0x0000000740f80d70,0x0000000742f00000)
 Metaspace       used 25094K, capacity 25589K, committed 25776K, reserved 1073152K
  class space    used 2505K, capacity 2657K, committed 2736K, reserved 1048576K
}
Event: 13.007 GC heap before
{Heap before GC invocations=7 (full 1):
 PSYoungGen      total 71680K, used 71677K [0x0000000795580000, 0x000000079dd80000, 0x00000007c0000000)
  eden space 66560K, 100% used [0x0000000795580000,0x0000000799680000,0x0000000799680000)
  from space 5120K, 99% used [0x0000000799680000,0x0000000799b7f4e0,0x0000000799b80000)
  to   space 13312K, 0% used [0x000000079d080000,0x000000079d080000,0x000000079dd80000)
 ParOldGen       total 48128K, used 15875K [0x0000000740000000, 0x0000000742f00000, 0x0000000795580000)
  object space 48128K, 32% used [0x0000000740000000,0x0000000740f80d70,0x0000000742f00000)
 Metaspace       used 25374K, capacity 25845K, committed 26032K, reserved 1073152K
  class space    used 2505K, capacity 2657K, committed 2736K, reserved 1048576K
Event: 13.011 GC heap after
Heap after GC invocations=7 (full 1):
 PSYoungGen      total 126464K, used 5245K [0x0000000795580000, 0x000000079e200000, 0x00000007c0000000)
  eden space 113152K, 0% used [0x0000000795580000,0x0000000795580000,0x000000079c400000)
  from space 13312K, 39% used [0x000000079d080000,0x000000079d59f4e0,0x000000079dd80000)
  to   space 12800K, 0% used [0x000000079c400000,0x000000079c400000,0x000000079d080000)
 ParOldGen       total 48128K, used 15883K [0x0000000740000000, 0x0000000742f00000, 0x0000000795580000)
  object space 48128K, 33% used [0x0000000740000000,0x0000000740f82d70,0x0000000742f00000)
 Metaspace       used 25374K, capacity 25845K, committed 26032K, reserved 1073152K
  class space    used 2505K, capacity 2657K, committed 2736K, reserved 1048576K
}
Event: 22.625 GC heap before
{Heap before GC invocations=8 (full 1):
 PSYoungGen      total 126464K, used 118397K [0x0000000795580000, 0x000000079e200000, 0x00000007c0000000)
  eden space 113152K, 100% used [0x0000000795580000,0x000000079c400000,0x000000079c400000)
  from space 13312K, 39% used [0x000000079d080000,0x000000079d59f4e0,0x000000079dd80000)
  to   space 12800K, 0% used [0x000000079c400000,0x000000079c400000,0x000000079d080000)
 ParOldGen       total 48128K, used 15883K [0x0000000740000000, 0x0000000742f00000, 0x0000000795580000)
  object space 48128K, 33% used [0x0000000740000000,0x0000000740f82d70,0x0000000742f00000)
 Metaspace       used 25400K, capacity 25845K, committed 26032K, reserved 1073152K
  class space    used 2505K, capacity 2657K, committed 2736K, reserved 1048576K
Event: 22.632 GC heap after
Heap after GC invocations=8 (full 1):
 PSYoungGen      total 125952K, used 5277K [0x0000000795580000, 0x00000007a2b80000, 0x00000007c0000000)
  eden space 113152K, 0% used [0x0000000795580000,0x0000000795580000,0x000000079c400000)
  from space 12800K, 41% used [0x000000079c400000,0x000000079c9274e0,0x000000079d080000)
  to   space 12288K, 0% used [0x00000007a1f80000,0x00000007a1f80000,0x00000007a2b80000)
 ParOldGen       total 48128K, used 15891K [0x0000000740000000, 0x0000000742f00000, 0x0000000795580000)
  object space 48128K, 33% used [0x0000000740000000,0x0000000740f84d70,0x0000000742f00000)
 Metaspace       used 25400K, capacity 25845K, committed 26032K, reserved 1073152K
  class space    used 2505K, capacity 2657K, committed 2736K, reserved 1048576K
}
Event: 33.677 GC heap before
{Heap before GC invocations=9 (full 1):
 PSYoungGen      total 125952K, used 118429K [0x0000000795580000, 0x00000007a2b80000, 0x00000007c0000000)
  eden space 113152K, 100% used [0x0000000795580000,0x000000079c400000,0x000000079c400000)
  from space 12800K, 41% used [0x000000079c400000,0x000000079c9274e0,0x000000079d080000)
  to   space 12288K, 0% used [0x00000007a1f80000,0x00000007a1f80000,0x00000007a2b80000)
 ParOldGen       total 48128K, used 15891K [0x0000000740000000, 0x0000000742f00000, 0x0000000795580000)
  object space 48128K, 33% used [0x0000000740000000,0x0000000740f84d70,0x0000000742f00000)
 Metaspace       used 25401K, capacity 25845K, committed 26032K, reserved 1073152K
  class space    used 2505K, capacity 2657K, committed 2736K, reserved 1048576K
Event: 33.683 GC heap after
Heap after GC invocations=9 (full 1):
 PSYoungGen      total 194560K, used 1536K [0x0000000795580000, 0x00000007a2600000, 0x00000007c0000000)
  eden space 187904K, 0% used [0x0000000795580000,0x0000000795580000,0x00000007a0d00000)
  from space 6656K, 23% used [0x00000007a1f80000,0x00000007a2100050,0x00000007a2600000)
  to   space 12800K, 0% used [0x00000007a0d00000,0x00000007a0d00000,0x00000007a1980000)
 ParOldGen       total 48128K, used 19657K [0x0000000740000000, 0x0000000742f00000, 0x0000000795580000)
  object space 48128K, 40% used [0x0000000740000000,0x0000000741332750,0x0000000742f00000)
 Metaspace       used 25401K, capacity 25845K, committed 26032K, reserved 1073152K
  class space    used 2505K, capacity 2657K, committed 2736K, reserved 1048576K
}

